<?xml version="1.0" encoding="UTF-8"?>
<testsuite name="com.myorg.alfa.MqttPolicyTest" tests="4" skipped="0" failures="0" errors="0" timestamp="2025-02-18T09:20:47" hostname="Ubuntu" time="0.148">
  <properties/>
  <testcase name="shouldPermitPublishToTestTopicForPublisherClient()" classname="com.myorg.alfa.MqttPolicyTest" time="0.122"/>
  <testcase name="shouldPermitSubscribeToTestTopicForSubscriberClient()" classname="com.myorg.alfa.MqttPolicyTest" time="0.004"/>
  <testcase name="shouldPermitSubscribeToTestTopicForSubscriberClient1()" classname="com.myorg.alfa.MqttPolicyTest" time="0.004"/>
  <testcase name="shouldPermitPublishToTestTopicForPublisherClient1()" classname="com.myorg.alfa.MqttPolicyTest" time="0.005"/>
  <system-out><![CDATA[]]></system-out>
  <system-err><![CDATA[]]></system-err>
</testsuite>
